<?xml version="1.0" encoding="UTF-8"?>
<testng-results skipped="0" failed="0" total="1" passed="1">
  <reporter-output>
  </reporter-output>
  <suite name="Default suite" duration-ms="2325" started-at="2017-11-06T10:00:49Z" finished-at="2017-11-06T10:00:52Z">
    <groups>
    </groups>
    <test name="Default test" duration-ms="2325" started-at="2017-11-06T10:00:49Z" finished-at="2017-11-06T10:00:52Z">
      <class name="com.xml.SampleXml">
        <test-method status="PASS" signature="testGetRequestWithValidKey2()[pri:2, instance:com.xml.SampleXml@63021689]" name="testGetRequestWithValidKey2" duration-ms="2308" started-at="2017-11-06T15:30:49Z" description="Verify &#039;Get&#039; request - considering &#039;xml&#039; as output with valid api key" finished-at="2017-11-06T15:30:52Z">
          <reporter-output>
          </reporter-output>
        </test-method> <!-- testGetRequestWithValidKey2 -->
      </class> <!-- com.xml.SampleXml -->
    </test> <!-- Default test -->
  </suite> <!-- Default suite -->
</testng-results>
